[18584:1656:0812/194507.730:WARNING:chrome_main_delegate.cc(744)] This is Chrome version 127.0.6533.100 (not a warning)
[18584:1656:0812/194507.835:INFO:chrome_browser_cloud_management_controller.cc(196)] No machine level policy manager exists.
[18584:1656:0812/194507.864:WARNING:browser_management_service.cc(128)] EnterpriseLogoUrl fetch failed with error code -1 and MIME type 
[18584:1656:0812/194507.973:WARNING:browser_management_service.cc(128)] EnterpriseLogoUrl fetch failed with error code -1 and MIME type 
[36748:26236:0812/194508.218:INFO:cpu_info.cc(53)] Available number of cores: 8
[22704:9996:0812/194508.312:INFO:cpu_info.cc(53)] Available number of cores: 8
[18636:19544:0812/194509.220:INFO:cpu_info.cc(53)] Available number of cores: 8
[11644:24320:0812/194511.518:INFO:cpu_info.cc(53)] Available number of cores: 8
[21672:35404:0812/194511.554:INFO:cpu_info.cc(53)] Available number of cores: 8
[18584:1656:0812/194511.570:WARNING:capture_device_ranking.h(255)] Can't initialize the value of media.audio_input.user_preference_ranking because media.default_audio_capture_device isn't registered or is empty
[18584:1656:0812/194511.570:WARNING:capture_device_ranking.h(255)] Can't initialize the value of media.video_input.user_preference_ranking because media.default_video_capture_Device isn't registered or is empty
[18584:1656:0812/194512.830:WARNING:page_discarding_helper.cc(142)] Discarding multiple pages with target (kb): 0
[11644:26552:0812/194512.893:INFO:peer_connection_dependency_factory.cc(711)] Running WebRTC with a combined Network and Worker thread.
[11644:26552:0812/194512.893:INFO:webrtc_voice_engine.cc(355)] WebRtcVoiceEngine::WebRtcVoiceEngine
[11644:30932:0812/194512.894:INFO:webrtc_voice_engine.cc(377)] WebRtcVoiceEngine::Init
[11644:30932:0812/194512.898:INFO:webrtc_voice_engine.cc(479)] WebRtcVoiceEngine::ApplyOptions: AudioOptions {aec: 1, agc: 1, ns: 1, hf: 1, swap: 0, audio_jitter_buffer_max_packets: 200, audio_jitter_buffer_fast_accelerate: 0, audio_jitter_buffer_min_delay_ms: 0, }
[11644:30932:0812/194512.900:INFO:peer_connection_factory.cc(343)] Using default network controller factory
[11644:30932:0812/194512.902:INFO:bitrate_prober.cc(48)] Bandwidth probing enabled, set to inactive
[11644:30932:0812/194512.903:INFO:transport_sequence_number_feedback_generator.cc(69)] Maximum interval between transport feedback RTCP messages: 250 ms
[11644:30932:0812/194512.903:INFO:aimd_rate_control.cc(87)] Using aimd rate control with back off factor 0.85
[11644:30932:0812/194512.904:INFO:remote_bitrate_estimator_single_stream.cc(53)] RemoteBitrateEstimatorSingleStream: Instantiating.
[16852:18288:0812/194512.916:INFO:cpu_info.cc(53)] Available number of cores: 8
[11644:26552:0812/194513.561:WARNING:codec.cc(525)] Explicitly added H264 constrained baseline to list of supported formats.
[11644:30932:0812/194513.562:INFO:openssl_key_pair.cc(40)] Making key pair
[11644:30932:0812/194513.562:INFO:openssl_key_pair.cc(93)] Returning key pair
[11644:30932:0812/194513.562:INFO:boringssl_certificate.cc(189)] Making certificate for WebRTC
[11644:30932:0812/194513.563:INFO:boringssl_certificate.cc(245)] Returning certificate
[18584:1656:0812/194513.577:WARNING:capture_device_ranking.h(255)] Can't initialize the value of media.audio_input.user_preference_ranking because media.default_audio_capture_device isn't registered or is empty
[18584:1656:0812/194513.577:WARNING:capture_device_ranking.h(255)] Can't initialize the value of media.video_input.user_preference_ranking because media.default_video_capture_Device isn't registered or is empty
[11644:30932:0812/194513.589:INFO:p2p_transport_channel.cc(517)] Set backup connection ping interval to 25000 milliseconds.
[11644:30932:0812/194513.589:INFO:p2p_transport_channel.cc(526)] Set ICE receiving timeout to 2500 milliseconds
[11644:30932:0812/194513.589:INFO:p2p_transport_channel.cc(533)] Set ping most likely connection to 0
[11644:30932:0812/194513.589:INFO:p2p_transport_channel.cc(540)] Set stable_writable_connection_ping_interval to 2500
[11644:30932:0812/194513.589:INFO:p2p_transport_channel.cc(553)] Set presume writable when fully relayed to 0
[11644:30932:0812/194513.589:INFO:p2p_transport_channel.cc(571)] Set regather_on_failed_networks_interval to 300000
[11644:30932:0812/194513.589:INFO:p2p_transport_channel.cc(578)] Set receiving_switching_delay to 1000
[11644:30932:0812/194513.589:INFO:jsep_transport_controller.cc(1086)] Creating DtlsSrtpTransport.
[11644:30932:0812/194513.589:INFO:dtls_srtp_transport.cc(71)] Setting RTP Transport on 0 transport 00004980006EBD00
[11644:30932:0812/194513.589:INFO:p2p_transport_channel.cc(451)] Set ICE ufrag: ewr/ pwd: GzPmXboZTfiSn3rO+3T3wwLj on transport 0
[11644:26552:0812/194513.589:INFO:peer_connection.cc(2079)] Creating data channel, mid=0
[11644:26552:0812/194513.589:INFO:sdp_offer_answer.cc(2888)] Session: 564400106119333865 Old state: stable New state: have-local-offer
[11644:30932:0812/194513.589:INFO:basic_port_allocator.cc(379)] Start getting ports with turn_port_prune_policy 0
[22548:5308:0812/194513.749:INFO:cpu_info.cc(53)] Available number of cores: 8
[32892:30912:0812/194514.254:INFO:cpu_info.cc(53)] Available number of cores: 8
[11644:30932:0812/194515.323:INFO:basic_port_allocator.cc(823)] Allocate ports on any any 
[11644:30932:0812/194515.324:INFO:basic_port_allocator.cc(913)] Network manager has started
[11644:30932:0812/194515.324:INFO:basic_port_allocator.cc(1424)] Net[any:0.0.0.x/0:Wildcard:id=0]: Allocation Phase=Udp
[11644:30932:0812/194515.324:INFO:port.cc(138)] Port[1b00000::1:0:host:Net[any:0.0.0.x/0:Wildcard:id=0]]: Port created with network cost 999
[11644:30932:0812/194515.324:INFO:basic_port_allocator.cc(1506)] AllocationSequence: UDPPort will be handling the STUN candidate generation.
[11644:30932:0812/194515.324:INFO:basic_port_allocator.cc(936)] Adding allocated port for 0
[11644:30932:0812/194515.324:INFO:basic_port_allocator.cc(956)] Port[1b00000:0:1:0:host:Net[any:0.0.0.x/0:Wildcard:id=0]]: Added port to allocator
[11644:30932:0812/194515.324:INFO:basic_port_allocator.cc(1424)] Net[any:0:0:0:x:x:x:x:x/0:Wildcard:id=0]: Allocation Phase=Udp
[11644:30932:0812/194515.324:INFO:port.cc(138)] Port[1b00800::1:0:host:Net[any:0:0:0:x:x:x:x:x/0:Wildcard:id=0]]: Port created with network cost 999
[11644:30932:0812/194515.324:INFO:basic_port_allocator.cc(1506)] AllocationSequence: UDPPort will be handling the STUN candidate generation.
[11644:30932:0812/194515.324:INFO:basic_port_allocator.cc(936)] Adding allocated port for 0
[11644:30932:0812/194515.324:INFO:basic_port_allocator.cc(956)] Port[1b00800:0:1:0:host:Net[any:0:0:0:x:x:x:x:x/0:Wildcard:id=0]]: Added port to allocator
[11644:30932:0812/194515.384:INFO:basic_port_allocator.cc(1424)] Net[any:0.0.0.x/0:Wildcard:id=0]: Allocation Phase=Relay
[11644:30932:0812/194515.384:INFO:port.cc(138)] Port[13bda00::1:0:relay:Net[any:0.0.0.x/0:Wildcard:id=0]]: Port created with network cost 999
[11644:30932:0812/194515.384:INFO:basic_port_allocator.cc(936)] Adding allocated port for 0
[11644:30932:0812/194515.384:INFO:basic_port_allocator.cc(956)] Port[13bda00:0:1:0:relay:Net[any:0.0.0.x/0:Wildcard:id=0]]: Added port to allocator
[11644:30932:0812/194515.384:INFO:turn_port.cc(866)] Port[13bda00:0:1:0:relay:Net[any:0.0.0.x/0:Wildcard:id=0]]: Starting TURN host lookup for aa.online-metrix.net:3478
[11644:30932:0812/194515.384:INFO:port.cc(138)] Port[13c1000::1:0:relay:Net[any:0.0.0.x/0:Wildcard:id=0]]: Port created with network cost 999
[11644:30932:0812/194515.384:INFO:basic_port_allocator.cc(936)] Adding allocated port for 0
[11644:30932:0812/194515.384:INFO:basic_port_allocator.cc(956)] Port[13c1000:0:1:0:relay:Net[any:0.0.0.x/0:Wildcard:id=0]]: Added port to allocator
[11644:30932:0812/194515.384:INFO:turn_port.cc(866)] Port[13c1000:0:1:0:relay:Net[any:0.0.0.x/0:Wildcard:id=0]]: Starting TURN host lookup for aa.online-metrix.net:3478
[11644:30932:0812/194515.384:INFO:basic_port_allocator.cc(1424)] Net[any:0:0:0:x:x:x:x:x/0:Wildcard:id=0]: Allocation Phase=Relay
[11644:30932:0812/194515.384:INFO:port.cc(138)] Port[13c1c00::1:0:relay:Net[any:0:0:0:x:x:x:x:x/0:Wildcard:id=0]]: Port created with network cost 999
[11644:30932:0812/194515.384:INFO:basic_port_allocator.cc(936)] Adding allocated port for 0
[11644:30932:0812/194515.384:INFO:basic_port_allocator.cc(956)] Port[13c1c00:0:1:0:relay:Net[any:0:0:0:x:x:x:x:x/0:Wildcard:id=0]]: Added port to allocator
[11644:30932:0812/194515.384:INFO:turn_port.cc(866)] Port[13c1c00:0:1:0:relay:Net[any:0:0:0:x:x:x:x:x/0:Wildcard:id=0]]: Starting TURN host lookup for aa.online-metrix.net:3478
[11644:30932:0812/194515.384:INFO:port.cc(138)] Port[13c1600::1:0:relay:Net[any:0:0:0:x:x:x:x:x/0:Wildcard:id=0]]: Port created with network cost 999
[11644:30932:0812/194515.384:INFO:basic_port_allocator.cc(936)] Adding allocated port for 0
[11644:30932:0812/194515.384:INFO:basic_port_allocator.cc(956)] Port[13c1600:0:1:0:relay:Net[any:0:0:0:x:x:x:x:x/0:Wildcard:id=0]]: Added port to allocator
[11644:30932:0812/194515.384:INFO:turn_port.cc(866)] Port[13c1600:0:1:0:relay:Net[any:0:0:0:x:x:x:x:x/0:Wildcard:id=0]]: Starting TURN host lookup for aa.online-metrix.net:3478
[11644:30932:0812/194515.447:INFO:basic_port_allocator.cc(1424)] Net[any:0.0.0.x/0:Wildcard:id=0]: Allocation Phase=Tcp
[11644:30932:0812/194515.447:INFO:port.cc(138)] Port[1ab4280::1:0:host:Net[any:0.0.0.x/0:Wildcard:id=0]]: Port created with network cost 999
[11644:30932:0812/194515.447:INFO:basic_port_allocator.cc(936)] Adding allocated port for 0
[11644:30932:0812/194515.447:INFO:basic_port_allocator.cc(956)] Port[1ab4280:0:1:0:host:Net[any:0.0.0.x/0:Wildcard:id=0]]: Added port to allocator
[11644:30932:0812/194515.447:INFO:tcp_port.cc(177)] Port[1ab4280:0:1:0:host:Net[any:0.0.0.x/0:Wildcard:id=0]]: Not listening due to firewall restrictions.
[11644:30932:0812/194515.447:INFO:basic_port_allocator.cc(1424)] Net[any:0:0:0:x:x:x:x:x/0:Wildcard:id=0]: Allocation Phase=Tcp
[11644:30932:0812/194515.447:INFO:port.cc(138)] Port[1ab5b00::1:0:host:Net[any:0:0:0:x:x:x:x:x/0:Wildcard:id=0]]: Port created with network cost 999
[11644:30932:0812/194515.447:INFO:basic_port_allocator.cc(936)] Adding allocated port for 0
[11644:30932:0812/194515.447:INFO:basic_port_allocator.cc(956)] Port[1ab5b00:0:1:0:host:Net[any:0:0:0:x:x:x:x:x/0:Wildcard:id=0]]: Added port to allocator
[11644:30932:0812/194515.447:INFO:tcp_port.cc(177)] Port[1ab5b00:0:1:0:host:Net[any:0:0:0:x:x:x:x:x/0:Wildcard:id=0]]: Not listening due to firewall restrictions.
[11644:30932:0812/194515.675:INFO:stun_port.cc(431)] Port[1b00000:0:1:0:host:Net[any:0.0.0.x/0:Wildcard:id=0]]: Starting STUN host lookup for aa.online-metrix.net:3478
[11644:30932:0812/194515.675:INFO:stun_port.cc(431)] Port[1b00800:0:1:0:host:Net[any:0:0:0:x:x:x:x:x/0:Wildcard:id=0]]: Starting STUN host lookup for aa.online-metrix.net:3478
[14572:5000:0812/194515.719:ERROR:socket_manager.cc(141)] Failed to resolve address for aa.online-metrix.net., errorcode: -105
[14572:5000:0812/194515.719:ERROR:socket_manager.cc(141)] Failed to resolve address for aa.online-metrix.net., errorcode: -105
[11644:30932:0812/194515.834:INFO:basic_port_allocator.cc(973)] Port[1ab4280:0:1:0:host:Net[any:0.0.0.x/0:Wildcard:id=0]]: Gathered candidate: Cand[:1252876946:1:tcp:1509957375:4608db3d-e1e7-479c-a577-e9d44747882f.local:9:host::0:ewr/:GzPmXboZTfiSn3rO+3T3wwLj:0:999:0]
[11644:30932:0812/194515.834:INFO:basic_port_allocator.cc(1006)] Port[1ab4280:0:1:0:host:Net[any:0.0.0.x/0:Wildcard:id=0]]: Port ready.
[11644:30932:0812/194515.834:INFO:basic_port_allocator.cc(1017)] Discarding candidate because it doesn't match filter.
[11644:30932:0812/194515.834:INFO:basic_port_allocator.cc(1118)] Port[1ab4280:0:1:0:host:Net[any:0.0.0.x/0:Wildcard:id=0]]: Port completed gathering candidates.
[11644:30932:0812/194515.835:INFO:turn_port.cc(431)] Port[13bda00:0:1:0:relay:Net[any:0.0.0.x/0:Wildcard:id=0]]: Trying to connect to TURN server via tcp @ aa.online-metrix.net:3478 (192.225.158.x:3478)
[11644:30932:0812/194515.837:INFO:basic_port_allocator.cc(973)] Port[1ab5b00:0:1:0:host:Net[any:0:0:0:x:x:x:x:x/0:Wildcard:id=0]]: Gathered candidate: Cand[:1333954153:1:tcp:1509949951:3a13c7e4-5076-4187-b132-04b6c4f0408f.local:9:host::0:ewr/:GzPmXboZTfiSn3rO+3T3wwLj:0:999:0]
[11644:30932:0812/194515.839:INFO:basic_port_allocator.cc(1006)] Port[1ab5b00:0:1:0:host:Net[any:0:0:0:x:x:x:x:x/0:Wildcard:id=0]]: Port ready.
[11644:30932:0812/194515.839:INFO:basic_port_allocator.cc(1017)] Discarding candidate because it doesn't match filter.
[11644:30932:0812/194515.839:INFO:basic_port_allocator.cc(1118)] Port[1ab5b00:0:1:0:host:Net[any:0:0:0:x:x:x:x:x/0:Wildcard:id=0]]: Port completed gathering candidates.
[11644:30932:0812/194515.839:INFO:turn_port.cc(431)] Port[13c1000:0:1:0:relay:Net[any:0.0.0.x/0:Wildcard:id=0]]: Trying to connect to TURN server via udp @ aa.online-metrix.net:3478 (192.225.158.x:3478)
[11644:30932:0812/194515.839:INFO:turn_port.cc(1383)] Port[13c1000:0:1:0:relay:Net[any:0.0.0.x/0:Wildcard:id=0]]: TURN allocate request sent, id=476d4e37542f364378396d76
[11644:30932:0812/194515.839:WARNING:turn_port.cc(891)] Port[13c1600:0:1:0:relay:Net[any:0:0:0:x:x:x:x:x/0:Wildcard:id=0]]: TURN host lookup received error -1
[11644:30932:0812/194515.839:INFO:basic_port_allocator.cc(1136)] Port[13c1600:0:1:0:relay:Net[any:0:0:0:x:x:x:x:x/0:Wildcard:id=0]]: Port encountered error while gathering candidates.
[11644:30932:0812/194515.839:INFO:basic_port_allocator.cc(973)] Port[1b00000:0:1:0:host:Net[any:0.0.0.x/0:Wildcard:id=0]]: Gathered candidate: Cand[:1003085323:1:udp:2113937151:6ab0c904-b4d4-4d63-8990-b2623c502f7a.local:56347:host::0:ewr/:GzPmXboZTfiSn3rO+3T3wwLj:0:999:0]
[11644:30932:0812/194515.839:INFO:basic_port_allocator.cc(1006)] Port[1b00000:0:1:0:host:Net[any:0.0.0.x/0:Wildcard:id=0]]: Port ready.
[11644:30932:0812/194515.839:INFO:basic_port_allocator.cc(973)] Port[1b00800:0:1:0:host:Net[any:0:0:0:x:x:x:x:x/0:Wildcard:id=0]]: Gathered candidate: Cand[:2972209917:1:udp:2113929727:3a13c7e4-5076-4187-b132-04b6c4f0408f.local:56348:host::0:ewr/:GzPmXboZTfiSn3rO+3T3wwLj:0:999:0]
[11644:30932:0812/194515.839:INFO:basic_port_allocator.cc(1006)] Port[1b00800:0:1:0:host:Net[any:0:0:0:x:x:x:x:x/0:Wildcard:id=0]]: Port ready.
[11644:30932:0812/194515.839:INFO:basic_port_allocator.cc(1017)] Discarding candidate because it doesn't match filter.
[14572:5000:0812/194515.867:ERROR:socket_manager.cc(141)] Failed to resolve address for aa.online-metrix.net., errorcode: -105
[11644:30932:0812/194515.867:WARNING:stun_port.cc(442)] Port[1b00800:0:1:0:host:Net[any:0:0:0:x:x:x:x:x/0:Wildcard:id=0]]: StunPort: stun host lookup received error -1
[11644:30932:0812/194515.867:INFO:basic_port_allocator.cc(1118)] Port[1b00800:0:1:0:host:Net[any:0:0:0:x:x:x:x:x/0:Wildcard:id=0]]: Port completed gathering candidates.
[11644:30932:0812/194515.985:INFO:turn_port.cc(1435)] Port[13c1000:0:1:0:relay:Net[any:0.0.0.x/0:Wildcard:id=0]]: Received TURN allocate error response, id=476d4e37542f364378396d76, code=401, rtt=147
[11644:30932:0812/194515.985:INFO:turn_port.cc(1383)] Port[13c1000:0:1:0:relay:Net[any:0.0.0.x/0:Wildcard:id=0]]: TURN allocate request sent, id=787379626f2b766d68354252
[11644:30932:0812/194515.985:ERROR:stun_port.cc(81)] Binding error response: class=4 number=1 reason=Unauthorized
[11644:30932:0812/194515.985:INFO:basic_port_allocator.cc(1118)] Port[1b00000:0:1:0:host:Net[any:0.0.0.x/0:Wildcard:id=0]]: Port completed gathering candidates.
[11644:30932:0812/194516.019:WARNING:turn_port.cc(549)] Socket is bound to the address:192.168.1.x:56792, rather than an address associated with network:Net[any:0.0.0.x/0:Wildcard:id=0]. Still allowing it since it's the 'any' address, possibly caused by multiple_routes being disabled.
[11644:30932:0812/194516.019:INFO:turn_port.cc(573)] TurnPort connected to aa.online-metrix.net:3478 using tcp.
[11644:30932:0812/194516.019:INFO:turn_port.cc(1383)] Port[13bda00:0:1:0:relay:Net[any:0.0.0.x/0:Wildcard:id=0]]: TURN allocate request sent, id=54763063506f366f66504147
[11644:30932:0812/194516.019:WARNING:turn_port.cc(549)] Socket is bound to the address:192.168.1.x:56793, rather than an address associated with network:Net[any:0:0:0:x:x:x:x:x/0:Wildcard:id=0]. Still allowing it since it's the 'any' address, possibly caused by multiple_routes being disabled.
[11644:30932:0812/194516.019:INFO:turn_port.cc(573)] TurnPort connected to aa.online-metrix.net:3478 using tcp.
[11644:30932:0812/194516.019:INFO:turn_port.cc(1383)] Port[13c1c00:0:1:0:relay:Net[any:0:0:0:x:x:x:x:x/0:Wildcard:id=0]]: TURN allocate request sent, id=6e74786c433237364638624f
[29188:17916:0812/194516.131:INFO:cpu_info.cc(53)] Available number of cores: 8
[11644:30932:0812/194516.135:INFO:turn_port.cc(1389)] Port[13c1000:0:1:0:relay:Net[any:0.0.0.x/0:Wildcard:id=0]]: TURN allocate requested successfully, id=787379626f2b766d68354252, code=0, rtt=150
[11644:30932:0812/194516.135:INFO:basic_port_allocator.cc(973)] Port[13c1000:0:1:0:relay:Net[any:0.0.0.x/0:Wildcard:id=0]]: Gathered candidate: Cand[:953684341:1:udp:33562623:161.10.180.x:29764:relay:161.10.180.x:49069:ewr/:GzPmXboZTfiSn3rO+3T3wwLj:0:999:0]
[11644:30932:0812/194516.135:INFO:basic_port_allocator.cc(1006)] Port[13c1000:0:1:0:relay:Net[any:0.0.0.x/0:Wildcard:id=0]]: Port ready.
[11644:30932:0812/194516.135:INFO:basic_port_allocator.cc(1118)] Port[13c1000:0:1:0:relay:Net[any:0.0.0.x/0:Wildcard:id=0]]: Port completed gathering candidates.
[11644:30932:0812/194516.135:INFO:turn_port.cc(1173)] Port[13c1000:0:1:0:relay:Net[any:0.0.0.x/0:Wildcard:id=0]]: Scheduled refresh in 3540000ms.
[11644:30932:0812/194516.170:INFO:turn_port.cc(1435)] Port[13bda00:0:1:0:relay:Net[any:0.0.0.x/0:Wildcard:id=0]]: Received TURN allocate error response, id=54763063506f366f66504147, code=401, rtt=151
[11644:30932:0812/194516.170:INFO:turn_port.cc(1383)] Port[13bda00:0:1:0:relay:Net[any:0.0.0.x/0:Wildcard:id=0]]: TURN allocate request sent, id=755766704c6e4c5035686379
[11644:30932:0812/194516.173:INFO:turn_port.cc(1435)] Port[13c1c00:0:1:0:relay:Net[any:0:0:0:x:x:x:x:x/0:Wildcard:id=0]]: Received TURN allocate error response, id=6e74786c433237364638624f, code=401, rtt=153
[11644:30932:0812/194516.173:INFO:turn_port.cc(1383)] Port[13c1c00:0:1:0:relay:Net[any:0:0:0:x:x:x:x:x/0:Wildcard:id=0]]: TURN allocate request sent, id=6544703967744d41352b484e
[11644:30932:0812/194516.326:INFO:turn_port.cc(1389)] Port[13c1c00:0:1:0:relay:Net[any:0:0:0:x:x:x:x:x/0:Wildcard:id=0]]: TURN allocate requested successfully, id=6544703967744d41352b484e, code=0, rtt=152
[11644:30932:0812/194516.326:INFO:basic_port_allocator.cc(973)] Port[13c1c00:0:1:0:relay:Net[any:0:0:0:x:x:x:x:x/0:Wildcard:id=0]]: Gathered candidate: Cand[:3329410529:1:udp:16785663:161.10.180.x:46178:relay:161.10.180.x:48751:ewr/:GzPmXboZTfiSn3rO+3T3wwLj:0:999:0]
[11644:30932:0812/194516.326:INFO:basic_port_allocator.cc(1006)] Port[13c1c00:0:1:0:relay:Net[any:0:0:0:x:x:x:x:x/0:Wildcard:id=0]]: Port ready.
[11644:30932:0812/194516.326:INFO:basic_port_allocator.cc(1118)] Port[13c1c00:0:1:0:relay:Net[any:0:0:0:x:x:x:x:x/0:Wildcard:id=0]]: Port completed gathering candidates.
[11644:30932:0812/194516.326:INFO:turn_port.cc(1173)] Port[13c1c00:0:1:0:relay:Net[any:0:0:0:x:x:x:x:x/0:Wildcard:id=0]]: Scheduled refresh in 3540000ms.
[11644:30932:0812/194516.326:INFO:turn_port.cc(1389)] Port[13bda00:0:1:0:relay:Net[any:0.0.0.x/0:Wildcard:id=0]]: TURN allocate requested successfully, id=755766704c6e4c5035686379, code=0, rtt=156
[11644:30932:0812/194516.326:INFO:basic_port_allocator.cc(973)] Port[13bda00:0:1:0:relay:Net[any:0.0.0.x/0:Wildcard:id=0]]: Gathered candidate: Cand[:3329410529:1:udp:16785663:161.10.180.x:22216:relay:161.10.180.x:48750:ewr/:GzPmXboZTfiSn3rO+3T3wwLj:0:999:0]
[11644:30932:0812/194516.326:INFO:basic_port_allocator.cc(1006)] Port[13bda00:0:1:0:relay:Net[any:0.0.0.x/0:Wildcard:id=0]]: Port ready.
[11644:30932:0812/194516.326:INFO:basic_port_allocator.cc(1118)] Port[13bda00:0:1:0:relay:Net[any:0.0.0.x/0:Wildcard:id=0]]: Port completed gathering candidates.
[11644:30932:0812/194516.326:INFO:basic_port_allocator.cc(1192)] All candidates gathered for 0:1:0
[11644:30932:0812/194516.326:INFO:p2p_transport_channel.cc(970)] P2PTransportChannel: 0, component 1 gathering complete
[11644:30932:0812/194516.326:INFO:turn_port.cc(1173)] Port[13bda00:0:1:0:relay:Net[any:0.0.0.x/0:Wildcard:id=0]]: Scheduled refresh in 3540000ms.
[18584:1656:0812/194517.824:WARNING:page_discarding_helper.cc(142)] Discarding multiple pages with target (kb): 0
[5188:23960:0812/194518.406:INFO:cpu_info.cc(53)] Available number of cores: 8
[11644:30932:0812/194526.133:ERROR:stun_port.cc(81)] Binding error response: class=4 number=1 reason=Unauthorized
[11644:30932:0812/194536.314:ERROR:stun_port.cc(81)] Binding error response: class=4 number=1 reason=Unauthorized
[18584:1656:0812/194543.198:WARNING:pref_notifier_impl.cc(41)] Pref observer for media_router.cast_allow_all_ips found at shutdown.
